This is pdfTeX, Version 3.14159265-2.6-1.40.16 (TeX Live 2015) (preloaded format=pdflatex 2015.5.24)  24 MAR 2016 15:07
entering extended mode
 restricted \write18 enabled.
 %&-line parsing enabled.
**doc_main.tex
(./doc_main.tex
LaTeX2e <2015/01/01>
Babel <3.9l> and hyphenation patterns for 79 languages loaded.
(/usr/local/texlive/2015/texmf-dist/tex/latex/base/report.cls
Document Class: report 2014/09/29 v1.4h Standard LaTeX document class
(/usr/local/texlive/2015/texmf-dist/tex/latex/base/size11.clo
File: size11.clo 2014/09/29 v1.4h Standard LaTeX file (size option)
)
\c@part=\count79
\c@chapter=\count80
\c@section=\count81
\c@subsection=\count82
\c@subsubsection=\count83
\c@paragraph=\count84
\c@subparagraph=\count85
\c@figure=\count86
\c@table=\count87
\abovecaptionskip=\skip41
\belowcaptionskip=\skip42
\bibindent=\dimen102
)
(/usr/local/texlive/2015/texmf-dist/tex/latex/geometry/geometry.sty
Package: geometry 2010/09/12 v5.6 Page Geometry

(/usr/local/texlive/2015/texmf-dist/tex/latex/graphics/keyval.sty
Package: keyval 2014/10/28 v1.15 key=value parser (DPC)
\KV@toks@=\toks14
)
(/usr/local/texlive/2015/texmf-dist/tex/generic/oberdiek/ifpdf.sty
Package: ifpdf 2011/01/30 v2.3 Provides the ifpdf switch (HO)
Package ifpdf Info: pdfTeX in PDF mode is detected.
)
(/usr/local/texlive/2015/texmf-dist/tex/generic/oberdiek/ifvtex.sty
Package: ifvtex 2010/03/01 v1.5 Detect VTeX and its facilities (HO)
Package ifvtex Info: VTeX not detected.
)
(/usr/local/texlive/2015/texmf-dist/tex/generic/ifxetex/ifxetex.sty
Package: ifxetex 2010/09/12 v0.6 Provides ifxetex conditional
)
\Gm@cnth=\count88
\Gm@cntv=\count89
\c@Gm@tempcnt=\count90
\Gm@bindingoffset=\dimen103
\Gm@wd@mp=\dimen104
\Gm@odd@mp=\dimen105
\Gm@even@mp=\dimen106
\Gm@layoutwidth=\dimen107
\Gm@layoutheight=\dimen108
\Gm@layouthoffset=\dimen109
\Gm@layoutvoffset=\dimen110
\Gm@dimlist=\toks15
)
(/usr/local/texlive/2015/texmf-dist/tex/latex/base/fix-cm.sty
Package: fix-cm 2015/01/14 v1.1t fixes to LaTeX

(/usr/local/texlive/2015/texmf-dist/tex/latex/base/ts1enc.def
File: ts1enc.def 2001/06/05 v3.0e (jk/car/fm) Standard LaTeX file
))
(/usr/local/texlive/2015/texmf-dist/tex/latex/titlesec/titlesec.sty
Package: titlesec 2011/12/15 v2.10.0 Sectioning titles
\ttl@box=\box26
\beforetitleunit=\skip43
\aftertitleunit=\skip44
\ttl@plus=\dimen111
\ttl@minus=\dimen112
\ttl@toksa=\toks16
\titlewidth=\dimen113
\titlewidthlast=\dimen114
\titlewidthfirst=\dimen115
)
(/usr/local/texlive/2015/texmf-dist/tex/latex/titlesec/titletoc.sty
Package: titletoc 2011/12/15 v1.6 TOC entries
\ttl@leftsep=\dimen116
)
(/usr/local/texlive/2015/texmf-dist/tex/latex/cite/chapterbib.sty
\c@inputfile=\count91
Package: chapterbib 2010/09/18  v 1.17
)
(/usr/local/texlive/2015/texmf-dist/tex/latex/hyperref/hyperref.sty
Package: hyperref 2012/11/06 v6.83m Hypertext links for LaTeX

(/usr/local/texlive/2015/texmf-dist/tex/generic/oberdiek/hobsub-hyperref.sty
Package: hobsub-hyperref 2012/05/28 v1.13 Bundle oberdiek, subset hyperref (HO)


(/usr/local/texlive/2015/texmf-dist/tex/generic/oberdiek/hobsub-generic.sty
Package: hobsub-generic 2012/05/28 v1.13 Bundle oberdiek, subset generic (HO)
Package: hobsub 2012/05/28 v1.13 Construct package bundles (HO)
Package: infwarerr 2010/04/08 v1.3 Providing info/warning/error messages (HO)
Package: ltxcmds 2011/11/09 v1.22 LaTeX kernel commands for general use (HO)
Package: ifluatex 2010/03/01 v1.3 Provides the ifluatex switch (HO)
Package ifluatex Info: LuaTeX not detected.
Package hobsub Info: Skipping package `ifvtex' (already loaded).
Package: intcalc 2007/09/27 v1.1 Expandable calculations with integers (HO)
Package hobsub Info: Skipping package `ifpdf' (already loaded).
Package: etexcmds 2011/02/16 v1.5 Avoid name clashes with e-TeX commands (HO)
Package etexcmds Info: Could not find \expanded.
(etexcmds)             That can mean that you are not using pdfTeX 1.50 or
(etexcmds)             that some package has redefined \expanded.
(etexcmds)             In the latter case, load this package earlier.
Package: kvsetkeys 2012/04/25 v1.16 Key value parser (HO)
Package: kvdefinekeys 2011/04/07 v1.3 Define keys (HO)
Package: pdftexcmds 2011/11/29 v0.20 Utility functions of pdfTeX for LuaTeX (HO
)
Package pdftexcmds Info: LuaTeX not detected.
Package pdftexcmds Info: \pdf@primitive is available.
Package pdftexcmds Info: \pdf@ifprimitive is available.
Package pdftexcmds Info: \pdfdraftmode found.
Package: pdfescape 2011/11/25 v1.13 Implements pdfTeX's escape features (HO)
Package: bigintcalc 2012/04/08 v1.3 Expandable calculations on big integers (HO
)
Package: bitset 2011/01/30 v1.1 Handle bit-vector datatype (HO)
Package: uniquecounter 2011/01/30 v1.2 Provide unlimited unique counter (HO)
)
Package hobsub Info: Skipping package `hobsub' (already loaded).
Package: letltxmacro 2010/09/02 v1.4 Let assignment for LaTeX macros (HO)
Package: hopatch 2012/05/28 v1.2 Wrapper for package hooks (HO)
Package: xcolor-patch 2011/01/30 xcolor patch
Package: atveryend 2011/06/30 v1.8 Hooks at the very end of document (HO)
Package atveryend Info: \enddocument detected (standard20110627).
Package: atbegshi 2011/10/05 v1.16 At begin shipout hook (HO)
Package: refcount 2011/10/16 v3.4 Data extraction from label references (HO)
Package: hycolor 2011/01/30 v1.7 Color options for hyperref/bookmark (HO)
)
(/usr/local/texlive/2015/texmf-dist/tex/latex/oberdiek/auxhook.sty
Package: auxhook 2011/03/04 v1.3 Hooks for auxiliary files (HO)
)
(/usr/local/texlive/2015/texmf-dist/tex/latex/oberdiek/kvoptions.sty
Package: kvoptions 2011/06/30 v3.11 Key value format for package options (HO)
)
\@linkdim=\dimen117
\Hy@linkcounter=\count92
\Hy@pagecounter=\count93

(/usr/local/texlive/2015/texmf-dist/tex/latex/hyperref/pd1enc.def
File: pd1enc.def 2012/11/06 v6.83m Hyperref: PDFDocEncoding definition (HO)
)
\Hy@SavedSpaceFactor=\count94

(/usr/local/texlive/2015/texmf-dist/tex/latex/latexconfig/hyperref.cfg
File: hyperref.cfg 2002/06/06 v1.2 hyperref configuration of TeXLive
)
Package hyperref Info: Option `colorlinks' set `true' on input line 4319.
Package hyperref Info: Hyper figures OFF on input line 4443.
Package hyperref Info: Link nesting OFF on input line 4448.
Package hyperref Info: Hyper index ON on input line 4451.
Package hyperref Info: Plain pages OFF on input line 4458.
Package hyperref Info: Backreferencing OFF on input line 4463.
Package hyperref Info: Implicit mode ON; LaTeX internals redefined.
Package hyperref Info: Bookmarks ON on input line 4688.
\c@Hy@tempcnt=\count95

(/usr/local/texlive/2015/texmf-dist/tex/latex/url/url.sty
\Urlmuskip=\muskip10
Package: url 2013/09/16  ver 3.4  Verb mode for urls, etc.
)
LaTeX Info: Redefining \url on input line 5041.
\XeTeXLinkMargin=\dimen118
\Fld@menulength=\count96
\Field@Width=\dimen119
\Fld@charsize=\dimen120
Package hyperref Info: Hyper figures OFF on input line 6295.
Package hyperref Info: Link nesting OFF on input line 6300.
Package hyperref Info: Hyper index ON on input line 6303.
Package hyperref Info: backreferencing OFF on input line 6310.
Package hyperref Info: Link coloring ON on input line 6313.
Package hyperref Info: Link coloring with OCG OFF on input line 6320.
Package hyperref Info: PDF/A mode OFF on input line 6325.
LaTeX Info: Redefining \ref on input line 6365.
LaTeX Info: Redefining \pageref on input line 6369.
\Hy@abspage=\count97
\c@Item=\count98
\c@Hfootnote=\count99
)

Package hyperref Message: Driver (autodetected): hpdftex.

(/usr/local/texlive/2015/texmf-dist/tex/latex/hyperref/hpdftex.def
File: hpdftex.def 2012/11/06 v6.83m Hyperref driver for pdfTeX
\Fld@listcount=\count100
\c@bookmark@seq@number=\count101

(/usr/local/texlive/2015/texmf-dist/tex/latex/oberdiek/rerunfilecheck.sty
Package: rerunfilecheck 2011/04/15 v1.7 Rerun checks for auxiliary files (HO)
Package uniquecounter Info: New unique counter `rerunfilecheck' on input line 2
82.
)
\Hy@SectionHShift=\skip45
)
(/usr/local/texlive/2015/texmf-dist/tex/latex/amsfonts/amssymb.sty
Package: amssymb 2013/01/14 v3.01 AMS font symbols

(/usr/local/texlive/2015/texmf-dist/tex/latex/amsfonts/amsfonts.sty
Package: amsfonts 2013/01/14 v3.01 Basic AMSFonts support
\@emptytoks=\toks17
\symAMSa=\mathgroup4
\symAMSb=\mathgroup5
LaTeX Font Info:    Overwriting math alphabet `\mathfrak' in version `bold'
(Font)                  U/euf/m/n --> U/euf/b/n on input line 106.
))
(/usr/local/texlive/2015/texmf-dist/tex/latex/amsmath/amsmath.sty
Package: amsmath 2013/01/14 v2.14 AMS math features
\@mathmargin=\skip46

For additional information on amsmath, use the `?' option.
(/usr/local/texlive/2015/texmf-dist/tex/latex/amsmath/amstext.sty
Package: amstext 2000/06/29 v2.01

(/usr/local/texlive/2015/texmf-dist/tex/latex/amsmath/amsgen.sty
File: amsgen.sty 1999/11/30 v2.0
\@emptytoks=\toks18
\ex@=\dimen121
))
(/usr/local/texlive/2015/texmf-dist/tex/latex/amsmath/amsbsy.sty
Package: amsbsy 1999/11/29 v1.2d
\pmbraise@=\dimen122
)
(/usr/local/texlive/2015/texmf-dist/tex/latex/amsmath/amsopn.sty
Package: amsopn 1999/12/14 v2.01 operator names
)
\inf@bad=\count102
LaTeX Info: Redefining \frac on input line 210.
\uproot@=\count103
\leftroot@=\count104
LaTeX Info: Redefining \overline on input line 306.
\classnum@=\count105
\DOTSCASE@=\count106
LaTeX Info: Redefining \ldots on input line 378.
LaTeX Info: Redefining \dots on input line 381.
LaTeX Info: Redefining \cdots on input line 466.
\Mathstrutbox@=\box27
\strutbox@=\box28
\big@size=\dimen123
LaTeX Font Info:    Redeclaring font encoding OML on input line 566.
LaTeX Font Info:    Redeclaring font encoding OMS on input line 567.
\macc@depth=\count107
\c@MaxMatrixCols=\count108
\dotsspace@=\muskip11
\c@parentequation=\count109
\dspbrk@lvl=\count110
\tag@help=\toks19
\row@=\count111
\column@=\count112
\maxfields@=\count113
\andhelp@=\toks20
\eqnshift@=\dimen124
\alignsep@=\dimen125
\tagshift@=\dimen126
\tagwidth@=\dimen127
\totwidth@=\dimen128
\lineht@=\dimen129
\@envbody=\toks21
\multlinegap=\skip47
\multlinetaggap=\skip48
\mathdisplay@stack=\toks22
LaTeX Info: Redefining \[ on input line 2665.
LaTeX Info: Redefining \] on input line 2666.
)
(/usr/local/texlive/2015/texmf-dist/tex/latex/rotating/rotating.sty
Package: rotating 2009/03/28 v2.16a rotated objects in LaTeX

(/usr/local/texlive/2015/texmf-dist/tex/latex/graphics/graphicx.sty
Package: graphicx 2014/10/28 v1.0g Enhanced LaTeX Graphics (DPC,SPQR)

(/usr/local/texlive/2015/texmf-dist/tex/latex/graphics/graphics.sty
Package: graphics 2014/10/28 v1.0p Standard LaTeX Graphics (DPC,SPQR)

(/usr/local/texlive/2015/texmf-dist/tex/latex/graphics/trig.sty
Package: trig 1999/03/16 v1.09 sin cos tan (DPC)
)
(/usr/local/texlive/2015/texmf-dist/tex/latex/latexconfig/graphics.cfg
File: graphics.cfg 2010/04/23 v1.9 graphics configuration of TeX Live
)
Package graphics Info: Driver file: pdftex.def on input line 94.

(/usr/local/texlive/2015/texmf-dist/tex/latex/pdftex-def/pdftex.def
File: pdftex.def 2011/05/27 v0.06d Graphics/color for pdfTeX
\Gread@gobject=\count114
))
\Gin@req@height=\dimen130
\Gin@req@width=\dimen131
)
(/usr/local/texlive/2015/texmf-dist/tex/latex/base/ifthen.sty
Package: ifthen 2014/09/29 v1.1c Standard LaTeX ifthen package (DPC)
)
\c@r@tfl@t=\count115
\rotFPtop=\skip49
\rotFPbot=\skip50
\rot@float@box=\box29
\rot@mess@toks=\toks23
)
(/usr/local/texlive/2015/texmf-dist/tex/latex/ctable/ctable.sty
Package: ctable 2014/04/25 v1.29 ctable package for \ flexible typesetting of t
able and figure floats using key/value directives

(/usr/local/texlive/2015/texmf-dist/tex/latex/xcolor/xcolor.sty
Package: xcolor 2007/01/21 v2.11 LaTeX color extensions (UK)

(/usr/local/texlive/2015/texmf-dist/tex/latex/latexconfig/color.cfg
File: color.cfg 2007/01/18 v1.5 color configuration of teTeX/TeXLive
)
Package xcolor Info: Driver file: pdftex.def on input line 225.
Package xcolor Info: Model `cmy' substituted by `cmy0' on input line 1337.
Package xcolor Info: Model `hsb' substituted by `rgb' on input line 1341.
Package xcolor Info: Model `RGB' extended on input line 1353.
Package xcolor Info: Model `HTML' substituted by `rgb' on input line 1355.
Package xcolor Info: Model `Hsb' substituted by `hsb' on input line 1356.
Package xcolor Info: Model `tHsb' substituted by `hsb' on input line 1357.
Package xcolor Info: Model `HSB' substituted by `hsb' on input line 1358.
Package xcolor Info: Model `Gray' substituted by `gray' on input line 1359.
Package xcolor Info: Model `wave' substituted by `hsb' on input line 1360.
)
(/usr/local/texlive/2015/texmf-dist/tex/latex/xkeyval/xkeyval.sty
Package: xkeyval 2014/12/03 v2.7a package option processing (HA)

(/usr/local/texlive/2015/texmf-dist/tex/generic/xkeyval/xkeyval.tex
(/usr/local/texlive/2015/texmf-dist/tex/generic/xkeyval/xkvutils.tex
\XKV@toks=\toks24
\XKV@tempa@toks=\toks25
)
\XKV@depth=\count116
File: xkeyval.tex 2014/12/03 v2.7a key=value parser (HA)
))
(/usr/local/texlive/2015/texmf-dist/tex/latex/tools/array.sty
Package: array 2014/10/28 v2.4c Tabular extension package (FMi)
\col@sep=\dimen132
\extrarowheight=\dimen133
\NC@list=\toks26
\extratabsurround=\skip51
\backup@length=\skip52
)
(/usr/local/texlive/2015/texmf-dist/tex/latex/tools/tabularx.sty
Package: tabularx 2014/10/28 v2.10 `tabularx' package (DPC)
\TX@col@width=\dimen134
\TX@old@table=\dimen135
\TX@old@col=\dimen136
\TX@target=\dimen137
\TX@delta=\dimen138
\TX@cols=\count117
\TX@ftn=\toks27
)
(/usr/local/texlive/2015/texmf-dist/tex/latex/booktabs/booktabs.sty
Package: booktabs 2005/04/14 v1.61803 publication quality tables
\heavyrulewidth=\dimen139
\lightrulewidth=\dimen140
\cmidrulewidth=\dimen141
\belowrulesep=\dimen142
\belowbottomsep=\dimen143
\aboverulesep=\dimen144
\abovetopsep=\dimen145
\cmidrulesep=\dimen146
\cmidrulekern=\dimen147
\defaultaddspace=\dimen148
\@cmidla=\count118
\@cmidlb=\count119
\@aboverulesep=\dimen149
\@belowrulesep=\dimen150
\@thisruleclass=\count120
\@lastruleclass=\count121
\@thisrulewidth=\dimen151
)
(/usr/local/texlive/2015/texmf-dist/tex/latex/oberdiek/transparent.sty
Package: transparent 2007/01/08 v1.0 Transparency via pdfTeX's color stack (HO)

)
\@ctblframesep=\dimen152
\@defaultctblframesep=\dimen153
\@ctblframerule=\dimen154
\@defaultctblframerule=\dimen155
\@ctblwidth=\dimen156
\@defaultctblwidth=\dimen157
\@ctblcaptionskip=\dimen158
\@defaultctblcaptionskip=\dimen159
\@ctblmaxwidth=\dimen160
\@defaultctblmaxwidth=\dimen161
\@ctblmincapwidth=\dimen162
\@defaultctblmincapwidth=\dimen163
\@ctblfooterwidth=\dimen164
\@defaultctblfooterwidth=\dimen165
\@ctblw=\dimen166
\@ctblfloatwidth=\dimen167
\@ctbloldsep=\dimen168
\@ctbloldrule=\dimen169
\ctbl@t=\box30
\@ctblcurftwidth=\dimen170
)
(/usr/local/texlive/2015/texmf-dist/tex/latex/multirow/multirow.sty
\bigstrutjot=\dimen171
)
(/usr/local/texlive/2015/texmf-dist/tex/latex/subfigure/subfigure.sty
Package: subfigure 2002/03/15 v2.1.5 subfigure package
\subfigtopskip=\skip53
\subfigcapskip=\skip54
\subfigcaptopadj=\dimen172
\subfigbottomskip=\skip55
\subfigcapmargin=\dimen173
\subfiglabelskip=\skip56
\c@subfigure=\count122
\c@lofdepth=\count123
\c@subtable=\count124
\c@lotdepth=\count125

****************************************
* Local config file subfigure.cfg used *
****************************************
(/usr/local/texlive/2015/texmf-dist/tex/latex/subfigure/subfigure.cfg)
\subfig@top=\skip57
\subfig@bottom=\skip58
)
(/usr/local/texlive/2015/texmf-dist/tex/latex/listings/listings.sty
\lst@mode=\count126
\lst@gtempboxa=\box31
\lst@token=\toks28
\lst@length=\count127
\lst@currlwidth=\dimen174
\lst@column=\count128
\lst@pos=\count129
\lst@lostspace=\dimen175
\lst@width=\dimen176
\lst@newlines=\count130
\lst@lineno=\count131
\lst@maxwidth=\dimen177

(/usr/local/texlive/2015/texmf-dist/tex/latex/listings/lstmisc.sty
File: lstmisc.sty 2014/09/06 1.5e (Carsten Heinz)
\c@lstnumber=\count132
\lst@skipnumbers=\count133
\lst@framebox=\box32
)
(/usr/local/texlive/2015/texmf-dist/tex/latex/listings/listings.cfg
File: listings.cfg 2014/09/06 1.5e listings configuration
))
Package: listings 2014/09/06 1.5e (Carsten Heinz)

(/usr/local/texlive/2015/texmf-dist/tex/latex/fancyhdr/fancyhdr.sty
\fancy@headwidth=\skip59
\f@ncyO@elh=\skip60
\f@ncyO@erh=\skip61
\f@ncyO@olh=\skip62
\f@ncyO@orh=\skip63
\f@ncyO@elf=\skip64
\f@ncyO@erf=\skip65
\f@ncyO@olf=\skip66
\f@ncyO@orf=\skip67
)
(/usr/local/texlive/2015/texmf-dist/tex/latex/parskip/parskip.sty
Package: parskip 2001/04/09 non-zero parskip adjustments
)
(./doc_main.aux (./chapters/titlepg.aux) (./chapters/frontmatter.aux)
(./chapters/intro.aux) (./chapters/pbam.aux))
\openout1 = `doc_main.aux'.

LaTeX Font Info:    Checking defaults for OML/cmm/m/it on input line 124.
LaTeX Font Info:    ... okay on input line 124.
LaTeX Font Info:    Checking defaults for T1/cmr/m/n on input line 124.
LaTeX Font Info:    ... okay on input line 124.
LaTeX Font Info:    Checking defaults for OT1/cmr/m/n on input line 124.
LaTeX Font Info:    ... okay on input line 124.
LaTeX Font Info:    Checking defaults for OMS/cmsy/m/n on input line 124.
LaTeX Font Info:    ... okay on input line 124.
LaTeX Font Info:    Checking defaults for OMX/cmex/m/n on input line 124.
LaTeX Font Info:    ... okay on input line 124.
LaTeX Font Info:    Checking defaults for U/cmr/m/n on input line 124.
LaTeX Font Info:    ... okay on input line 124.
LaTeX Font Info:    Checking defaults for TS1/cmr/m/n on input line 124.
LaTeX Font Info:    ... okay on input line 124.
LaTeX Font Info:    Checking defaults for PD1/pdf/m/n on input line 124.
LaTeX Font Info:    ... okay on input line 124.

*geometry* driver: auto-detecting
*geometry* detected driver: pdftex
*geometry* verbose mode - [ preamble ] result:
* driver: pdftex
* paper: a4paper
* layout: <same size as paper>
* layoutoffset:(h,v)=(0.0pt,0.0pt)
* modes: 
* h-part:(L,W,R)=(65.04256pt, 467.42276pt, 65.04256pt)
* v-part:(T,H,B)=(65.04256pt, 714.96173pt, 65.04256pt)
* \paperwidth=597.50787pt
* \paperheight=845.04684pt
* \textwidth=467.42276pt
* \textheight=714.96173pt
* \oddsidemargin=-7.22743pt
* \evensidemargin=-7.22743pt
* \topmargin=-44.22743pt
* \headheight=12.0pt
* \headsep=25.0pt
* \topskip=11.0pt
* \footskip=30.0pt
* \marginparwidth=50.0pt
* \marginparsep=10.0pt
* \columnsep=10.0pt
* \skip\footins=10.0pt plus 4.0pt minus 2.0pt
* \hoffset=0.0pt
* \voffset=0.0pt
* \mag=1000
* \@twocolumnfalse
* \@twosidefalse
* \@mparswitchfalse
* \@reversemarginfalse
* (1in=72.27pt=25.4mm, 1cm=28.453pt)

\AtBeginShipoutBox=\box33
Package hyperref Info: Link coloring ON on input line 124.
(/usr/local/texlive/2015/texmf-dist/tex/latex/hyperref/nameref.sty
Package: nameref 2012/10/27 v2.43 Cross-referencing by name of section

(/usr/local/texlive/2015/texmf-dist/tex/generic/oberdiek/gettitlestring.sty
Package: gettitlestring 2010/12/03 v1.4 Cleanup title references (HO)
)
\c@section@level=\count134
)
LaTeX Info: Redefining \ref on input line 124.
LaTeX Info: Redefining \pageref on input line 124.
LaTeX Info: Redefining \nameref on input line 124.

(./doc_main.out) (./doc_main.out)
\@outlinefile=\write3
\openout3 = `doc_main.out'.


(/usr/local/texlive/2015/texmf-dist/tex/context/base/supp-pdf.mkii
[Loading MPS to PDF converter (version 2006.09.02).]
\scratchcounter=\count135
\scratchdimen=\dimen178
\scratchbox=\box34
\nofMPsegments=\count136
\nofMParguments=\count137
\everyMPshowfont=\toks29
\MPscratchCnt=\count138
\MPscratchDim=\dimen179
\MPnumerator=\count139
\makeMPintoPDFobject=\count140
\everyMPtoPDFconversion=\toks30
) (/usr/local/texlive/2015/texmf-dist/tex/latex/oberdiek/epstopdf-base.sty
Package: epstopdf-base 2010/02/09 v2.5 Base part for package epstopdf

(/usr/local/texlive/2015/texmf-dist/tex/latex/oberdiek/grfext.sty
Package: grfext 2010/08/19 v1.1 Manage graphics extensions (HO)
)
Package grfext Info: Graphics extension search list:
(grfext)             [.png,.pdf,.jpg,.mps,.jpeg,.jbig2,.jb2,.PNG,.PDF,.JPG,.JPE
G,.JBIG2,.JB2,.eps]
(grfext)             \AppendGraphicsExtensions on input line 452.

(/usr/local/texlive/2015/texmf-dist/tex/latex/latexconfig/epstopdf-sys.cfg
File: epstopdf-sys.cfg 2010/07/13 v1.3 Configuration of (r)epstopdf for TeX Liv
e
))
\c@lstlisting=\count141
\openout2 = `chapters/titlepg.aux'.


(./chapters/titlepg.tex <./figures/cover.png, id=60, 249.5724pt x 246.1998pt>
File: ./figures/cover.png Graphic file (type png)

<use ./figures/cover.png>
Package pdftex.def Info: ./figures/cover.png used on input line 15.
(pdftex.def)             Requested size: 199.65817pt x 196.9601pt.
 [1



{/usr/local/texlive/2015/texmf-var/fonts/map/pdftex/updmap/pdftex.map} <./figur
es/cover.png>])
\openout2 = `chapters/frontmatter.aux'.

 (./chapters/frontmatter.tex
Underfull \hbox (badness 10000) in paragraph at lines 2--8

 []


Underfull \hbox (badness 10000) in paragraph at lines 11--12

 []


Underfull \hbox (badness 10000) in paragraph at lines 15--16

 []


Underfull \hbox (badness 10000) in paragraph at lines 24--25

 []

)
Underfull \hbox (badness 10000) in paragraph at lines 28--128

 []


Package Fancyhdr Warning: \headheight is too small (12.0pt): 
 Make it at least 13.59999pt.
 We now make it that large for the rest of the document.
 This may cause the page layout to be inconsistent, however.

pdfTeX warning (ext4): destination with the same identifier (name{page.}) has b
een already used, duplicate ignored
<to be read again> 
                   \relax 
l.128 \include{chapters/frontmatter}
                                     [1



] (./doc_main.toc
LaTeX Font Info:    Try loading font information for U+msa on input line 7.

(/usr/local/texlive/2015/texmf-dist/tex/latex/amsfonts/umsa.fd
File: umsa.fd 2013/01/14 v3.01 AMS symbols A
)
LaTeX Font Info:    Try loading font information for U+msb on input line 7.

(/usr/local/texlive/2015/texmf-dist/tex/latex/amsfonts/umsb.fd
File: umsb.fd 2013/01/14 v3.01 AMS symbols B
))
\tf@toc=\write4
\openout4 = `doc_main.toc'.

 [1


]
\openout2 = `chapters/intro.aux'.


(./chapters/intro.tex
Chapter 1.
[2



])
\openout2 = `chapters/pbam.aux'.

 (./chapters/pbam.tex
Chapter 2.

Underfull \hbox (badness 10000) in paragraph at lines 24--25

 []

[3





] [4]
Underfull \hbox (badness 10000) in paragraph at lines 78--79

 []


Underfull \hbox (badness 10000) in paragraph at lines 80--82

 []

\colthree=\skip68
\coltwo=\skip69

LaTeX Warning: Command \textless invalid in math mode on input line 97.

LaTeX Font Info:    Try loading font information for OML+cmr on input line 97.
(/usr/local/texlive/2015/texmf-dist/tex/latex/base/omlcmr.fd
File: omlcmr.fd 2014/09/29 v2.5h Standard LaTeX font definitions
)
LaTeX Font Info:    Font shape `OML/cmr/m/n' in size <10.95> not available
(Font)              Font shape `OML/cmm/m/it' tried instead on input line 97.


LaTeX Warning: Command \textless invalid in math mode on input line 97.


LaTeX Warning: Command \textgreater invalid in math mode on input line 97.


LaTeX Warning: Command \textgreater invalid in math mode on input line 97.


LaTeX Warning: Command \textless invalid in math mode on input line 97.


LaTeX Warning: Command \textless invalid in math mode on input line 97.


LaTeX Warning: Command \textgreater invalid in math mode on input line 97.


LaTeX Warning: Command \textgreater invalid in math mode on input line 97.


LaTeX Warning: Command \textless invalid in math mode on input line 98.


LaTeX Warning: Command \textless invalid in math mode on input line 98.


LaTeX Warning: Command \textgreater invalid in math mode on input line 98.


LaTeX Warning: Command \textgreater invalid in math mode on input line 98.


LaTeX Warning: Command \textless invalid in math mode on input line 98.


LaTeX Warning: Command \textless invalid in math mode on input line 98.


LaTeX Warning: Command \textgreater invalid in math mode on input line 98.


LaTeX Warning: Command \textgreater invalid in math mode on input line 98.


LaTeX Warning: Command \textless invalid in math mode on input line 99.


LaTeX Warning: Command \textless invalid in math mode on input line 99.


LaTeX Warning: Command \textgreater invalid in math mode on input line 99.


LaTeX Warning: Command \textgreater invalid in math mode on input line 99.


LaTeX Warning: Command \textless invalid in math mode on input line 99.


LaTeX Warning: Command \textless invalid in math mode on input line 99.


LaTeX Warning: Command \textgreater invalid in math mode on input line 99.


LaTeX Warning: Command \textgreater invalid in math mode on input line 99.


LaTeX Warning: Command \textless invalid in math mode on input line 100.


LaTeX Warning: Command \textless invalid in math mode on input line 100.


LaTeX Warning: Command \textgreater invalid in math mode on input line 100.


LaTeX Warning: Command \textgreater invalid in math mode on input line 100.


LaTeX Warning: Command \textless invalid in math mode on input line 100.


LaTeX Warning: Command \textless invalid in math mode on input line 100.


LaTeX Warning: Command \textgreater invalid in math mode on input line 100.


LaTeX Warning: Command \textgreater invalid in math mode on input line 100.


LaTeX Warning: Command \textless invalid in math mode on input line 101.


LaTeX Warning: Command \textless invalid in math mode on input line 101.


LaTeX Warning: Command \textgreater invalid in math mode on input line 101.


LaTeX Warning: Command \textgreater invalid in math mode on input line 101.


LaTeX Warning: Command \textless invalid in math mode on input line 101.


LaTeX Warning: Command \textless invalid in math mode on input line 101.


LaTeX Warning: Command \textgreater invalid in math mode on input line 101.


LaTeX Warning: Command \textgreater invalid in math mode on input line 101.


LaTeX Warning: Command \textless invalid in math mode on input line 102.


LaTeX Warning: Command \textless invalid in math mode on input line 102.


LaTeX Warning: Command \textgreater invalid in math mode on input line 102.


LaTeX Warning: Command \textgreater invalid in math mode on input line 102.


LaTeX Warning: Command \textless invalid in math mode on input line 102.


LaTeX Warning: Command \textless invalid in math mode on input line 102.


LaTeX Warning: Command \textgreater invalid in math mode on input line 102.


LaTeX Warning: Command \textgreater invalid in math mode on input line 102.


LaTeX Warning: Command \textless invalid in math mode on input line 103.


LaTeX Warning: Command \textless invalid in math mode on input line 103.


LaTeX Warning: Command \textgreater invalid in math mode on input line 103.


LaTeX Warning: Command \textgreater invalid in math mode on input line 103.


LaTeX Warning: Command \textless invalid in math mode on input line 103.


LaTeX Warning: Command \textless invalid in math mode on input line 103.


LaTeX Warning: Command \textgreater invalid in math mode on input line 103.


LaTeX Warning: Command \textgreater invalid in math mode on input line 103.


LaTeX Warning: Command \textless invalid in math mode on input line 104.


LaTeX Warning: Command \textless invalid in math mode on input line 104.


LaTeX Warning: Command \textgreater invalid in math mode on input line 104.


LaTeX Warning: Command \textgreater invalid in math mode on input line 104.


LaTeX Warning: Command \textless invalid in math mode on input line 104.


LaTeX Warning: Command \textless invalid in math mode on input line 104.


LaTeX Warning: Command \textgreater invalid in math mode on input line 104.


LaTeX Warning: Command \textgreater invalid in math mode on input line 104.


LaTeX Warning: Command \textless invalid in math mode on input line 105.


LaTeX Warning: Command \textless invalid in math mode on input line 105.


LaTeX Warning: Command \textgreater invalid in math mode on input line 105.


LaTeX Warning: Command \textgreater invalid in math mode on input line 105.


LaTeX Warning: Command \textless invalid in math mode on input line 105.


LaTeX Warning: Command \textless invalid in math mode on input line 105.


LaTeX Warning: Command \textgreater invalid in math mode on input line 105.


LaTeX Warning: Command \textgreater invalid in math mode on input line 105.


LaTeX Warning: Command \textless invalid in math mode on input line 106.


LaTeX Warning: Command \textless invalid in math mode on input line 106.


LaTeX Warning: Command \textgreater invalid in math mode on input line 106.


LaTeX Warning: Command \textgreater invalid in math mode on input line 106.


LaTeX Warning: Command \textless invalid in math mode on input line 106.


LaTeX Warning: Command \textless invalid in math mode on input line 106.


LaTeX Warning: Command \textgreater invalid in math mode on input line 106.


LaTeX Warning: Command \textgreater invalid in math mode on input line 106.


LaTeX Warning: Command \textless invalid in math mode on input line 107.


LaTeX Warning: Command \textless invalid in math mode on input line 107.


LaTeX Warning: Command \textgreater invalid in math mode on input line 107.


LaTeX Warning: Command \textgreater invalid in math mode on input line 107.


LaTeX Warning: Command \textless invalid in math mode on input line 107.


LaTeX Warning: Command \textless invalid in math mode on input line 107.


LaTeX Warning: Command \textgreater invalid in math mode on input line 107.


LaTeX Warning: Command \textgreater invalid in math mode on input line 107.


LaTeX Warning: Command \textless invalid in math mode on input line 107.


LaTeX Warning: Command \textless invalid in math mode on input line 107.


LaTeX Warning: Command \textgreater invalid in math mode on input line 107.


LaTeX Warning: Command \textgreater invalid in math mode on input line 107.


LaTeX Warning: Command \textless invalid in math mode on input line 107.


LaTeX Warning: Command \textless invalid in math mode on input line 107.


LaTeX Warning: Command \textgreater invalid in math mode on input line 107.


LaTeX Warning: Command \textgreater invalid in math mode on input line 107.


LaTeX Warning: Command \textless invalid in math mode on input line 107.


LaTeX Warning: Command \textless invalid in math mode on input line 107.


LaTeX Warning: Command \textgreater invalid in math mode on input line 107.


LaTeX Warning: Command \textgreater invalid in math mode on input line 107.


Underfull \hbox (badness 10000) in paragraph at lines 107--107
[]$[][][]$ $[][][]$
 []


Underfull \hbox (badness 10000) in paragraph at lines 107--107
[][][]$
 []


LaTeX Warning: Command \textless invalid in math mode on input line 107.


LaTeX Warning: Command \textless invalid in math mode on input line 107.


LaTeX Warning: Command \textgreater invalid in math mode on input line 107.


LaTeX Warning: Command \textgreater invalid in math mode on input line 107.


LaTeX Warning: Command \textless invalid in math mode on input line 107.


LaTeX Warning: Command \textless invalid in math mode on input line 107.


LaTeX Warning: Command \textgreater invalid in math mode on input line 107.


LaTeX Warning: Command \textgreater invalid in math mode on input line 107.


LaTeX Warning: Command \textless invalid in math mode on input line 107.


LaTeX Warning: Command \textless invalid in math mode on input line 107.


LaTeX Warning: Command \textgreater invalid in math mode on input line 107.


LaTeX Warning: Command \textgreater invalid in math mode on input line 107.


LaTeX Warning: Command \textless invalid in math mode on input line 107.


LaTeX Warning: Command \textless invalid in math mode on input line 107.


LaTeX Warning: Command \textgreater invalid in math mode on input line 107.


LaTeX Warning: Command \textgreater invalid in math mode on input line 107.


LaTeX Warning: Command \textless invalid in math mode on input line 107.


LaTeX Warning: Command \textless invalid in math mode on input line 107.


LaTeX Warning: Command \textgreater invalid in math mode on input line 107.


LaTeX Warning: Command \textgreater invalid in math mode on input line 107.


LaTeX Warning: Command \textless invalid in math mode on input line 107.


LaTeX Warning: Command \textless invalid in math mode on input line 107.


LaTeX Warning: Command \textgreater invalid in math mode on input line 107.


LaTeX Warning: Command \textgreater invalid in math mode on input line 107.


LaTeX Warning: Command \textless invalid in math mode on input line 107.


LaTeX Warning: Command \textless invalid in math mode on input line 107.


LaTeX Warning: Command \textgreater invalid in math mode on input line 107.


LaTeX Warning: Command \textgreater invalid in math mode on input line 107.


LaTeX Warning: Command \textless invalid in math mode on input line 107.


LaTeX Warning: Command \textless invalid in math mode on input line 107.


LaTeX Warning: Command \textgreater invalid in math mode on input line 107.


LaTeX Warning: Command \textgreater invalid in math mode on input line 107.


LaTeX Warning: Command \textless invalid in math mode on input line 107.


LaTeX Warning: Command \textless invalid in math mode on input line 107.


LaTeX Warning: Command \textgreater invalid in math mode on input line 107.


LaTeX Warning: Command \textgreater invalid in math mode on input line 107.


LaTeX Warning: Command \textless invalid in math mode on input line 109.


LaTeX Warning: Command \textless invalid in math mode on input line 109.


LaTeX Warning: Command \textgreater invalid in math mode on input line 109.


LaTeX Warning: Command \textgreater invalid in math mode on input line 109.


LaTeX Warning: Command \textless invalid in math mode on input line 109.


LaTeX Warning: Command \textless invalid in math mode on input line 109.


LaTeX Warning: Command \textgreater invalid in math mode on input line 109.


LaTeX Warning: Command \textgreater invalid in math mode on input line 109.


LaTeX Warning: Command \textless invalid in math mode on input line 110.


LaTeX Warning: Command \textless invalid in math mode on input line 110.


LaTeX Warning: Command \textgreater invalid in math mode on input line 110.


LaTeX Warning: Command \textgreater invalid in math mode on input line 110.


LaTeX Warning: Command \textless invalid in math mode on input line 110.


LaTeX Warning: Command \textless invalid in math mode on input line 110.


LaTeX Warning: Command \textgreater invalid in math mode on input line 110.


LaTeX Warning: Command \textgreater invalid in math mode on input line 110.


LaTeX Warning: Command \textless invalid in math mode on input line 111.


LaTeX Warning: Command \textless invalid in math mode on input line 111.


LaTeX Warning: Command \textgreater invalid in math mode on input line 111.


LaTeX Warning: Command \textgreater invalid in math mode on input line 111.


LaTeX Warning: Command \textless invalid in math mode on input line 111.


LaTeX Warning: Command \textless invalid in math mode on input line 111.


LaTeX Warning: Command \textgreater invalid in math mode on input line 111.


LaTeX Warning: Command \textgreater invalid in math mode on input line 111.


LaTeX Warning: Command \textless invalid in math mode on input line 112.


LaTeX Warning: Command \textless invalid in math mode on input line 112.


LaTeX Warning: Command \textgreater invalid in math mode on input line 112.


LaTeX Warning: Command \textgreater invalid in math mode on input line 112.


LaTeX Warning: Command \textless invalid in math mode on input line 112.


LaTeX Warning: Command \textless invalid in math mode on input line 112.


LaTeX Warning: Command \textgreater invalid in math mode on input line 112.


LaTeX Warning: Command \textgreater invalid in math mode on input line 112.


LaTeX Warning: Command \textless invalid in math mode on input line 112.


LaTeX Warning: Command \textless invalid in math mode on input line 112.


LaTeX Warning: Command \textgreater invalid in math mode on input line 112.


LaTeX Warning: Command \textgreater invalid in math mode on input line 112.


LaTeX Warning: Command \textless invalid in math mode on input line 112.


LaTeX Warning: Command \textless invalid in math mode on input line 112.


LaTeX Warning: Command \textgreater invalid in math mode on input line 112.


LaTeX Warning: Command \textgreater invalid in math mode on input line 112.


LaTeX Warning: Command \textless invalid in math mode on input line 112.


LaTeX Warning: Command \textless invalid in math mode on input line 112.


LaTeX Warning: Command \textgreater invalid in math mode on input line 112.


LaTeX Warning: Command \textgreater invalid in math mode on input line 112.


LaTeX Warning: Command \textless invalid in math mode on input line 112.


LaTeX Warning: Command \textless invalid in math mode on input line 112.


LaTeX Warning: Command \textgreater invalid in math mode on input line 112.


LaTeX Warning: Command \textgreater invalid in math mode on input line 112.


LaTeX Warning: Command \textless invalid in math mode on input line 112.


LaTeX Warning: Command \textless invalid in math mode on input line 112.


LaTeX Warning: Command \textgreater invalid in math mode on input line 112.


LaTeX Warning: Command \textgreater invalid in math mode on input line 112.


LaTeX Warning: Command \textless invalid in math mode on input line 112.


LaTeX Warning: Command \textless invalid in math mode on input line 112.


LaTeX Warning: Command \textgreater invalid in math mode on input line 112.


LaTeX Warning: Command \textgreater invalid in math mode on input line 112.


LaTeX Warning: Command \textless invalid in math mode on input line 115.


LaTeX Warning: Command \textless invalid in math mode on input line 115.


LaTeX Warning: Command \textgreater invalid in math mode on input line 115.


LaTeX Warning: Command \textgreater invalid in math mode on input line 115.


LaTeX Warning: Command \textless invalid in math mode on input line 115.


LaTeX Warning: Command \textless invalid in math mode on input line 115.


LaTeX Warning: Command \textgreater invalid in math mode on input line 115.


LaTeX Warning: Command \textgreater invalid in math mode on input line 115.


LaTeX Warning: Command \textless invalid in math mode on input line 116.


LaTeX Warning: Command \textless invalid in math mode on input line 116.


LaTeX Warning: Command \textgreater invalid in math mode on input line 116.


LaTeX Warning: Command \textgreater invalid in math mode on input line 116.


LaTeX Warning: Command \textless invalid in math mode on input line 116.


LaTeX Warning: Command \textless invalid in math mode on input line 116.


LaTeX Warning: Command \textgreater invalid in math mode on input line 116.


LaTeX Warning: Command \textgreater invalid in math mode on input line 116.


LaTeX Warning: Command \textless invalid in math mode on input line 117.


LaTeX Warning: Command \textless invalid in math mode on input line 117.


LaTeX Warning: Command \textgreater invalid in math mode on input line 117.


LaTeX Warning: Command \textgreater invalid in math mode on input line 117.


LaTeX Warning: Command \textless invalid in math mode on input line 117.


LaTeX Warning: Command \textless invalid in math mode on input line 117.


LaTeX Warning: Command \textgreater invalid in math mode on input line 117.


LaTeX Warning: Command \textgreater invalid in math mode on input line 117.


LaTeX Warning: Command \textless invalid in math mode on input line 117.


LaTeX Warning: Command \textless invalid in math mode on input line 117.


LaTeX Warning: Command \textgreater invalid in math mode on input line 117.


LaTeX Warning: Command \textgreater invalid in math mode on input line 117.


Underfull \hbox (badness 1552) in paragraph at lines 117--117
[]$[][][]$ $[][][]$
 []


LaTeX Warning: Command \textless invalid in math mode on input line 117.


LaTeX Warning: Command \textless invalid in math mode on input line 117.


LaTeX Warning: Command \textgreater invalid in math mode on input line 117.


LaTeX Warning: Command \textgreater invalid in math mode on input line 117.


LaTeX Warning: Command \textless invalid in math mode on input line 117.


LaTeX Warning: Command \textless invalid in math mode on input line 117.


LaTeX Warning: Command \textgreater invalid in math mode on input line 117.


LaTeX Warning: Command \textgreater invalid in math mode on input line 117.


LaTeX Warning: Command \textless invalid in math mode on input line 117.


LaTeX Warning: Command \textless invalid in math mode on input line 117.


LaTeX Warning: Command \textgreater invalid in math mode on input line 117.


LaTeX Warning: Command \textgreater invalid in math mode on input line 117.


LaTeX Warning: Command \textless invalid in math mode on input line 117.


LaTeX Warning: Command \textless invalid in math mode on input line 117.


LaTeX Warning: Command \textgreater invalid in math mode on input line 117.


LaTeX Warning: Command \textgreater invalid in math mode on input line 117.


Overfull \hbox (72.25403pt too wide) in paragraph at lines 95--120
[][] 
 []

[5

]
Underfull \hbox (badness 10000) in paragraph at lines 123--124

 []

[6]
Underfull \hbox (badness 10000) in paragraph at lines 125--127

 []


Underfull \hbox (badness 10000) in paragraph at lines 128--129

 []


Underfull \hbox (badness 10000) in paragraph at lines 130--131

 []

Missing character: There is no â in font cmr10!
Missing character: There is no € in font cmr10!
Missing character: There is no ¦ in font cmr10!
[7])
No file doc_main.bbl.
Package atveryend Info: Empty hook `BeforeClearDocument' on input line 154.
Package atveryend Info: Empty hook `AfterLastShipout' on input line 154.
(./doc_main.aux (./chapters/titlepg.aux) (./chapters/frontmatter.aux)
(./chapters/intro.aux) (./chapters/pbam.aux))
Package atveryend Info: Executing hook `AtVeryEndDocument' on input line 154.
Package atveryend Info: Executing hook `AtEndAfterFileList' on input line 154.
Package rerunfilecheck Info: File `doc_main.out' has not changed.
(rerunfilecheck)             Checksum: D68B45863A5C362A7F08A6F0B84F37A4;905.
Package atveryend Info: Empty hook `AtVeryVeryEnd' on input line 154.
 ) 
Here is how much of TeX's memory you used:
 9847 strings out of 493089
 143798 string characters out of 6134842
 248278 words of memory out of 5000000
 13116 multiletter control sequences out of 15000+600000
 15013 words of font info for 57 fonts, out of 8000000 for 9000
 1141 hyphenation exceptions out of 8191
 33i,12n,53p,1057b,341s stack positions out of 5000i,500n,10000p,200000b,80000s
</usr/local/texlive/2015/texmf-dist/fonts/type1/public/amsfonts/cm/cmbx10.pfb
></usr/local/texlive/2015/texmf-dist/fonts/type1/public/amsfonts/cm/cmbx12.pfb>
</usr/local/texlive/2015/texmf-dist/fonts/type1/public/amsfonts/cm/cmex10.pfb><
/usr/local/texlive/2015/texmf-dist/fonts/type1/public/amsfonts/cm/cmmi10.pfb></
usr/local/texlive/2015/texmf-dist/fonts/type1/public/amsfonts/cm/cmmi6.pfb></us
r/local/texlive/2015/texmf-dist/fonts/type1/public/amsfonts/cm/cmmi8.pfb></usr/
local/texlive/2015/texmf-dist/fonts/type1/public/amsfonts/cm/cmmib10.pfb></usr/
local/texlive/2015/texmf-dist/fonts/type1/public/amsfonts/cm/cmr10.pfb></usr/lo
cal/texlive/2015/texmf-dist/fonts/type1/public/amsfonts/cm/cmr6.pfb></usr/local
/texlive/2015/texmf-dist/fonts/type1/public/amsfonts/cm/cmr8.pfb></usr/local/te
xlive/2015/texmf-dist/fonts/type1/public/amsfonts/cm/cmr9.pfb></usr/local/texli
ve/2015/texmf-dist/fonts/type1/public/amsfonts/cm/cmsy10.pfb></usr/local/texliv
e/2015/texmf-dist/fonts/type1/public/amsfonts/cm/cmti9.pfb></usr/local/texlive/
2015/texmf-dist/fonts/type1/public/amsfonts/cm/cmtt10.pfb>
Output written on doc_main.pdf (9 pages, 791447 bytes).
PDF statistics:
 187 PDF objects out of 1000 (max. 8388607)
 158 compressed objects within 2 object streams
 27 named destinations out of 1000 (max. 500000)
 118 words of extra memory for PDF output out of 10000 (max. 10000000)

